\BOOKMARK [1][-]{section.1}{\376\377\000B\000D\000C\000\040\000m\000o\000t\000o\000r\000\040\000l\000e\000\355\000r\000\341\000s\000a}{}% 1
\BOOKMARK [2][-]{subsection.1.1}{\376\377\000A\000\040\000B\000D\000C\000\040\000m\000o\000t\000o\000r\000\040\000h\000a\000t\000\341\000s\000v\000\341\000z\000l\000a\000t\000a}{section.1}% 2
\BOOKMARK [2][-]{subsection.1.2}{\376\377\000A\000\040\000f\000e\000s\000z\000\374\000l\000t\000s\000\351\000g\000\040\040\023\000\040\000s\000z\000\366\000g\000s\000e\000b\000e\000s\000s\000\351\000g\000\040\000\341\000t\000v\000i\000t\000e\000l\000i\000\040\000f\000\374\000g\000g\000v\000\351\000n\000y\000\040\000f\000e\000l\000\355\000r\000\341\000s\000a}{section.1}% 3
\BOOKMARK [2][-]{subsection.1.3}{\376\377\000A\000\040\000f\000e\000s\000z\000\374\000l\000t\000s\000\351\000g\000\040\040\023\000\040\000\341\000r\000a\000m\000\040\000\341\000t\000v\000i\000t\000e\000l\000i\000\040\000f\000\374\000g\000g\000v\000\351\000n\000y\000\040\000f\000e\000l\000\355\000r\000\341\000s\000a}{section.1}% 4
\BOOKMARK [2][-]{subsection.1.4}{\376\377\000A\000\040\000t\000e\000r\000h\000e\000l\001\121\000n\000y\000o\000m\000a\000t\000\351\000k\000\040\040\023\000\040\000s\000z\000\366\000g\000s\000e\000b\000e\000s\000s\000\351\000g\000\040\000\341\000t\000v\000i\000t\000e\000l\000i\000\040\000f\000\374\000g\000g\000v\000\351\000n\000y\000\040\000f\000e\000l\000\355\000r\000\341\000s\000a}{section.1}% 5
\BOOKMARK [2][-]{subsection.1.5}{\376\377\000A\000\040\000t\000e\000r\000h\000e\000l\001\121\000n\000y\000o\000m\000a\000t\000\351\000k\000\040\040\023\000\040\000\341\000r\000a\000m\000\040\000\341\000t\000v\000i\000t\000e\000l\000i\000\040\000f\000\374\000g\000g\000v\000\351\000n\000y\000\040\000f\000e\000l\000\355\000r\000\341\000s\000a}{section.1}% 6
\BOOKMARK [1][-]{section.2}{\376\377\000B\000D\000C\000\040\000m\000o\000t\000o\000r\000\040\000v\000i\000z\000s\000g\000\341\000l\000a\000t\000a}{}% 7
\BOOKMARK [2][-]{subsection.2.1}{\376\377\000S\000z\000\366\000g\000s\000e\000b\000e\000s\000s\000\351\000g\000v\000\341\000l\000a\000s\000z\000\040\000a\000\040\000n\000\351\000v\000l\000e\000g\000e\000s\000\040\000f\000e\000s\000z\000\374\000l\000t\000s\000\351\000g\000r\000e}{section.2}% 8
\BOOKMARK [2][-]{subsection.2.2}{\376\377\000\301\000r\000a\000m\000\040\000k\000i\000m\000e\000n\000e\000t\000\040\000a\000\040\000n\000\351\000v\000l\000e\000g\000e\000s\000\040\000f\000e\000s\000z\000\374\000l\000t\000s\000\351\000g\000\040\000h\000a\000t\000\341\000s\000\341\000r\000a}{section.2}% 9
\BOOKMARK [2][-]{subsection.2.3}{\376\377\000N\000y\000o\000m\000a\000t\000\351\000k\000\040\000k\000i\000m\000e\000n\000e\000t\000\040\000a\000\040\000n\000\351\000v\000l\000e\000g\000e\000s\000\040\000f\000e\000s\000z\000\374\000l\000t\000s\000\351\000g\000\040\000h\000a\000t\000\341\000s\000\341\000r\000a}{section.2}% 10
\BOOKMARK [1][-]{section.3}{\376\377\000P\000I\000\040\000s\000z\000a\000b\000\341\000l\000y\000z\000\363\000\040\000t\000e\000r\000v\000e\000z\000\351\000s\000e}{}% 11
\BOOKMARK [2][-]{subsection.3.1}{\376\377\000A\000\040\000z\000\341\000r\000t\000\040\000s\000z\000a\000b\000\341\000l\000y\000o\000z\000\341\000s\000i\000\040\000k\000\366\000r\000\040\000e\000g\000y\000e\000n\000l\000e\000t\000e\000i}{section.3}% 12
\BOOKMARK [2][-]{subsection.3.2}{\376\377\000S\000t\000a\000b\000i\000l\000i\000t\000\341\000s\000\040\000a\000\040\000k\000\366\000r\000e\000r\001\121\000s\000\355\000t\000\351\000s\000\040\000f\000\374\000g\000g\000v\000\351\000n\000y\000\351\000b\000e\000n}{section.3}% 13
\BOOKMARK [2][-]{subsection.3.3}{\376\377\000M\000e\000g\000a\000d\000o\000t\000t\000\040\000k\000\366\000r\000e\000r\001\121\000s\000\355\000t\000\351\000s\000\040\000e\000s\000e\000t\000\351\000n\000\040\000B\000o\000d\000e\000-\000d\000i\000a\000g\000r\000a\000m\000\040\000\351\000s\000\040\000f\000\341\000z\000i\000s\000t\000a\000r\000t\000a\000l\000\351\000k}{section.3}% 14
\BOOKMARK [2][-]{subsection.3.4}{\376\377\000S\000\372\000l\000y\000f\000\374\000g\000g\000v\000\351\000n\000y}{section.3}% 15
\BOOKMARK [2][-]{subsection.3.5}{\376\377\000\301\000t\000m\000e\000n\000e\000t\000i\000\040\000f\000\374\000g\000g\000v\000\351\000n\000y}{section.3}% 16
\BOOKMARK [1][-]{section.4}{\376\377\000P\000D\000\040\000s\000z\000a\000b\000\341\000l\000y\000z\000\363\000\040\000t\000e\000r\000v\000e\000z\000\351\000s\000e}{}% 17
\BOOKMARK [2][-]{subsection.4.1}{\376\377\000A\000\040\000z\000\341\000r\000t\000\040\000s\000z\000a\000b\000\341\000l\000y\000o\000z\000\341\000s\000i\000\040\000k\000\366\000r\000\040\000e\000g\000y\000e\000n\000l\000e\000t\000e\000i}{section.4}% 18
\BOOKMARK [2][-]{subsection.4.2}{\376\377\000S\000t\000a\000b\000i\000l\000i\000t\000\341\000s\000\040\000a\000\040\000k\000\366\000r\000e\000r\001\121\000s\000\355\000t\000\351\000s\000\040\000f\000\374\000g\000g\000v\000\351\000n\000y\000\351\000b\000e\000n}{section.4}% 19
\BOOKMARK [2][-]{subsection.4.3}{\376\377\000M\000e\000g\000a\000d\000o\000t\000t\000\040\000k\000\366\000r\000e\000r\001\121\000s\000\355\000t\000\351\000s\000\040\000e\000s\000e\000t\000\351\000n\000\040\000B\000o\000d\000e\000-\000d\000i\000a\000g\000r\000a\000m\000\040\000\351\000s\000\040\000f\000\341\000z\000i\000s\000t\000a\000r\000t\000a\000l\000\351\000k}{section.4}% 20
\BOOKMARK [2][-]{subsection.4.4}{\376\377\000S\000\372\000l\000y\000f\000\374\000g\000g\000v\000\351\000n\000y}{section.4}% 21
\BOOKMARK [2][-]{subsection.4.5}{\376\377\000\301\000t\000m\000e\000n\000e\000t\000i\000\040\000f\000\374\000g\000g\000v\000\351\000n\000y}{section.4}% 22
